T-Spice - Tanner SPICE
Version 16.30
Network license
Product Release ID: T-Spice Win64 16.30.20150626.02:41:53
Copyright © 1988-2015 Mentor Graphics Corporation

	Parsing "C:\Users\Orhun\Desktop\VLSI\Lab_1\Inverter.sp"
	Initializing parser from header file "C:\Program Files\Tanner EDA\Tanner Tools v16.3\tiburonda\models\VAdatabase.sp"
	Including "C:\Users\Orhun\Desktop\VLSI\VLSI_tech_files\SCN_0.25u_CMOS.md"

Start of Inverter.sp
Loaded BSIM3v31 model library, Berkeley BSIM3 v3.1.0 with extensions

General options:
        threads = 1

 Device and node counts:
              MOSFETs -       2
    MOSFET geometries -       2
      Voltage sources -       2
   Subckt Definitions -       1
     Subckt Instances -       0
    Model Definitions -       2
      Computed Models -       2
    Independent nodes -       1
       Boundary nodes -       3
          Total nodes -       4

	Opening simulation database "C:\Users\Orhun\Desktop\VLSI\Lab_1\Inverter.tsim"

Transient Analysis           0.07 seconds
Overhead                     0.52 seconds
-----------------------------------------
Total                        0.61 seconds

Simulation completed
